# JRE version: OpenJDK Runtime Environment (11.0.13) (build 11.0.13+0-b1751.21-8125866)
# Java VM: OpenJDK 64-Bit Server VM (11.0.13+0-b1751.21-8125866, mixed mode, tiered, compressed oops, g1 gc, windows-amd64)
Heap:
 garbage-first heap   total 187392K, used 110884K [0x0000000080000000, 0x0000000100000000)
  region size 1024K, 36 young (36864K), 5 survivors (5120K)
 Metaspace       used 56766K, capacity 58452K, committed 58572K, reserved 1099776K
  class space    used 7261K, capacity 7856K, committed 7884K, reserved 1048576K
GC Heap History (20 events):
Event: 1.971 GC heap before
{Heap before GC invocations=1 (full 0):
 garbage-first heap   total 129024K, used 82537K [0x0000000080000000, 0x0000000100000000)
  region size 1024K, 75 young (76800K), 2 survivors (2048K)
 Metaspace       used 14199K, capacity 14489K, committed 14848K, reserved 1062912K
  class space    used 1575K, capacity 1686K, committed 1792K, reserved 1048576K
}
Event: 1.980 GC heap after
{Heap after GC invocations=2 (full 0):
 garbage-first heap   total 129024K, used 14830K [0x0000000080000000, 0x0000000100000000)
  region size 1024K, 10 young (10240K), 10 survivors (10240K)
 Metaspace       used 14199K, capacity 14489K, committed 14848K, reserved 1062912K
  class space    used 1575K, capacity 1686K, committed 1792K, reserved 1048576K
}
Event: 3.007 GC heap before
{Heap before GC invocations=2 (full 0):
 garbage-first heap   total 129024K, used 57838K [0x0000000080000000, 0x0000000100000000)
  region size 1024K, 53 young (54272K), 10 survivors (10240K)
 Metaspace       used 20738K, capacity 21120K, committed 21248K, reserved 1067008K
  class space    used 2518K, capacity 2695K, committed 2816K, reserved 1048576K
}
Event: 3.017 GC heap after
{Heap after GC invocations=3 (full 0):
 garbage-first heap   total 129024K, used 17207K [0x0000000080000000, 0x0000000100000000)
  region size 1024K, 3 young (3072K), 3 survivors (3072K)
 Metaspace       used 20738K, capacity 21120K, committed 21248K, reserved 1067008K
  class space    used 2518K, capacity 2695K, committed 2816K, reserved 1048576K
}
Event: 5.474 GC heap before
{Heap before GC invocations=4 (full 0):
 garbage-first heap   total 129024K, used 82743K [0x0000000080000000, 0x0000000100000000)
  region size 1024K, 62 young (63488K), 3 survivors (3072K)
 Metaspace       used 27003K, capacity 27743K, committed 27904K, reserved 1073152K
  class space    used 3524K, capacity 3805K, committed 3840K, reserved 1048576K
}
Event: 5.480 GC heap after
{Heap after GC invocations=5 (full 0):
 garbage-first heap   total 129024K, used 25758K [0x0000000080000000, 0x0000000100000000)
  region size 1024K, 6 young (6144K), 6 survivors (6144K)
 Metaspace       used 27003K, capacity 27743K, committed 27904K, reserved 1073152K
  class space    used 3524K, capacity 3805K, committed 3840K, reserved 1048576K
}
Event: 6.101 GC heap before
{Heap before GC invocations=5 (full 0):
 garbage-first heap   total 129024K, used 99486K [0x0000000080000000, 0x0000000100000000)
  region size 1024K, 66 young (67584K), 6 survivors (6144K)
 Metaspace       used 32067K, capacity 32885K, committed 33024K, reserved 1077248K
  class space    used 4288K, capacity 4581K, committed 4608K, reserved 1048576K
}
Event: 6.110 GC heap after
{Heap after GC invocations=6 (full 0):
 garbage-first heap   total 129024K, used 42489K [0x0000000080000000, 0x0000000100000000)
  region size 1024K, 9 young (9216K), 9 survivors (9216K)
 Metaspace       used 32067K, capacity 32885K, committed 33024K, reserved 1077248K
  class space    used 4288K, capacity 4581K, committed 4608K, reserved 1048576K
}
Event: 6.405 GC heap before
{Heap before GC invocations=6 (full 0):
 garbage-first heap   total 129024K, used 55801K [0x0000000080000000, 0x0000000100000000)
  region size 1024K, 23 young (23552K), 9 survivors (9216K)
 Metaspace       used 34837K, capacity 35756K, committed 35840K, reserved 1081344K
  class space    used 4598K, capacity 4962K, committed 4992K, reserved 1048576K
}
Event: 6.415 GC heap after
{Heap after GC invocations=7 (full 0):
 garbage-first heap   total 129024K, used 44048K [0x0000000080000000, 0x0000000100000000)
  region size 1024K, 6 young (6144K), 6 survivors (6144K)
 Metaspace       used 34837K, capacity 35756K, committed 35840K, reserved 1081344K
  class space    used 4598K, capacity 4962K, committed 4992K, reserved 1048576K
}
Event: 7.079 GC heap before
{Heap before GC invocations=8 (full 0):
 garbage-first heap   total 129024K, used 102416K [0x0000000080000000, 0x0000000100000000)
  region size 1024K, 60 young (61440K), 6 survivors (6144K)
 Metaspace       used 41431K, capacity 42565K, committed 42828K, reserved 1087488K
  class space    used 5244K, capacity 5670K, committed 5708K, reserved 1048576K
}
Event: 7.090 GC heap after
{Heap after GC invocations=9 (full 0):
 garbage-first heap   total 155648K, used 48320K [0x0000000080000000, 0x0000000100000000)
  region size 1024K, 7 young (7168K), 7 survivors (7168K)
 Metaspace       used 41431K, capacity 42565K, committed 42828K, reserved 1087488K
  class space    used 5244K, capacity 5670K, committed 5708K, reserved 1048576K
}
Event: 8.617 GC heap before
{Heap before GC invocations=10 (full 0):
 garbage-first heap   total 155648K, used 126144K [0x0000000080000000, 0x0000000100000000)
  region size 1024K, 70 young (71680K), 7 survivors (7168K)
 Metaspace       used 47070K, capacity 48270K, committed 48460K, reserved 1091584K
  class space    used 5990K, capacity 6438K, committed 6476K, reserved 1048576K
}
Event: 8.632 GC heap after
{Heap after GC invocations=11 (full 0):
 garbage-first heap   total 155648K, used 65687K [0x0000000080000000, 0x0000000100000000)
  region size 1024K, 6 young (6144K), 6 survivors (6144K)
 Metaspace       used 47070K, capacity 48270K, committed 48460K, reserved 1091584K
  class space    used 5990K, capacity 6438K, committed 6476K, reserved 1048576K
}
Event: 9.486 GC heap before
{Heap before GC invocations=11 (full 0):
 garbage-first heap   total 155648K, used 120983K [0x0000000080000000, 0x0000000100000000)
  region size 1024K, 60 young (61440K), 6 survivors (6144K)
 Metaspace       used 51658K, capacity 52952K, committed 53196K, reserved 1095680K
  class space    used 6547K, capacity 7076K, committed 7116K, reserved 1048576K
}
Event: 9.498 GC heap after
{Heap after GC invocations=12 (full 0):
 garbage-first heap   total 155648K, used 69739K [0x0000000080000000, 0x0000000100000000)
  region size 1024K, 5 young (5120K), 5 survivors (5120K)
 Metaspace       used 51658K, capacity 52952K, committed 53196K, reserved 1095680K
  class space    used 6547K, capacity 7076K, committed 7116K, reserved 1048576K
}
Event: 10.155 GC heap before
{Heap before GC invocations=12 (full 0):
 garbage-first heap   total 155648K, used 87147K [0x0000000080000000, 0x0000000100000000)
  region size 1024K, 23 young (23552K), 5 survivors (5120K)
 Metaspace       used 52776K, capacity 54283K, committed 54476K, reserved 1095680K
  class space    used 6737K, capacity 7265K, committed 7372K, reserved 1048576K
}
Event: 10.171 GC heap after
{Heap after GC invocations=13 (full 0):
 garbage-first heap   total 155648K, used 70547K [0x0000000080000000, 0x0000000100000000)
  region size 1024K, 5 young (5120K), 5 survivors (5120K)
 Metaspace       used 52776K, capacity 54283K, committed 54476K, reserved 1095680K
  class space    used 6737K, capacity 7265K, committed 7372K, reserved 1048576K
}
Event: 11.812 GC heap before
{Heap before GC invocations=14 (full 0):
 garbage-first heap   total 155648K, used 130963K [0x0000000080000000, 0x0000000100000000)
  region size 1024K, 59 young (60416K), 5 survivors (5120K)
 Metaspace       used 56190K, capacity 57794K, committed 58060K, reserved 1099776K
  class space    used 7220K, capacity 7770K, committed 7884K, reserved 1048576K
}
Event: 11.823 GC heap after
{Heap after GC invocations=15 (full 0):
 garbage-first heap   total 187392K, used 79140K [0x0000000080000000, 0x0000000100000000)
  region size 1024K, 5 young (5120K), 5 survivors (5120K)
 Metaspace       used 56190K, capacity 57794K, committed 58060K, reserved 1099776K
  class space    used 7220K, capacity 7770K, committed 7884K, reserved 1048576K
}

